2020-04-15 09:57:03,780 - DEBUG - Start of program
2020-04-15 09:57:03,780 - DEBUG - Start of factorial (7)
2020-04-15 09:57:03,780 - INFO - i is 1, total is 1
2020-04-15 09:57:03,781 - INFO - i is 2, total is 2
2020-04-15 09:57:03,781 - INFO - i is 3, total is 6
2020-04-15 09:57:03,781 - INFO - i is 4, total is 24
2020-04-15 09:57:03,781 - INFO - i is 5, total is 120
2020-04-15 09:57:03,781 - INFO - i is 6, total is 720
2020-04-15 09:57:03,781 - INFO - i is 7, total is 5040
2020-04-15 09:57:03,781 - DEBUG - Return value is 5040
2020-04-15 09:57:03,781 - DEBUG - End of program
2020-04-15 09:57:34,551 - INFO - i is 1, total is 1
2020-04-15 09:57:34,551 - INFO - i is 2, total is 2
2020-04-15 09:57:34,551 - INFO - i is 3, total is 6
2020-04-15 09:57:34,551 - INFO - i is 4, total is 24
2020-04-15 09:57:34,552 - INFO - i is 5, total is 120
2020-04-15 09:57:34,552 - INFO - i is 6, total is 720
2020-04-15 09:57:34,552 - INFO - i is 7, total is 5040
2020-04-15 09:58:08,405 - DEBUG - Start of program
2020-04-15 09:58:08,405 - DEBUG - Start of factorial (7)
2020-04-15 09:58:08,405 - INFO - i is 1, total is 1
2020-04-15 09:58:08,406 - INFO - i is 2, total is 2
2020-04-15 09:58:08,406 - INFO - i is 3, total is 6
2020-04-15 09:58:08,407 - INFO - i is 4, total is 24
2020-04-15 09:58:08,407 - INFO - i is 5, total is 120
2020-04-15 09:58:08,408 - INFO - i is 6, total is 720
2020-04-15 09:58:08,408 - INFO - i is 7, total is 5040
2020-04-15 09:58:08,408 - DEBUG - Return value is 5040
2020-04-15 09:58:08,409 - DEBUG - End of program
2020-04-28 08:40:25,320 - DEBUG - Start of program
2020-04-28 08:40:25,320 - DEBUG - Start of factorial (7)
2020-04-28 08:40:25,321 - INFO - i is 1, total is 1
2020-04-28 08:40:25,321 - INFO - i is 2, total is 2
2020-04-28 08:40:25,321 - INFO - i is 3, total is 6
2020-04-28 08:40:25,321 - INFO - i is 4, total is 24
2020-04-28 08:40:25,321 - INFO - i is 5, total is 120
2020-04-28 08:40:25,321 - INFO - i is 6, total is 720
2020-04-28 08:40:25,321 - INFO - i is 7, total is 5040
2020-04-28 08:40:25,321 - DEBUG - Return value is 5040
2020-04-28 08:40:25,322 - DEBUG - End of program
2020-04-28 08:41:16,759 - DEBUG - Start of program
2020-04-28 08:41:16,759 - DEBUG - Start of factorial (7)
2020-04-28 08:41:16,759 - INFO - i is 1, total is 1
2020-04-28 08:41:16,759 - INFO - i is 2, total is 2
2020-04-28 08:41:16,759 - INFO - i is 3, total is 6
2020-04-28 08:41:16,759 - INFO - i is 4, total is 24
2020-04-28 08:41:16,760 - INFO - i is 5, total is 120
2020-04-28 08:41:16,760 - INFO - i is 6, total is 720
2020-04-28 08:41:16,760 - INFO - i is 7, total is 5040
2020-04-28 08:41:16,760 - DEBUG - Return value is 5040
2020-04-28 08:41:16,760 - DEBUG - End of program
2020-05-01 08:38:26,194 - DEBUG - Start of program
2020-05-01 08:38:26,195 - DEBUG - Start of factorial (7)
2020-05-01 08:38:26,196 - INFO - i is 1, total is 1
2020-05-01 08:38:26,196 - INFO - i is 2, total is 2
2020-05-01 08:38:26,196 - INFO - i is 3, total is 6
2020-05-01 08:38:26,196 - INFO - i is 4, total is 24
2020-05-01 08:38:26,196 - INFO - i is 5, total is 120
2020-05-01 08:38:26,196 - INFO - i is 6, total is 720
2020-05-01 08:38:26,196 - INFO - i is 7, total is 5040
2020-05-01 08:38:26,196 - DEBUG - Return value is 5040
2020-05-01 08:38:26,197 - DEBUG - End of program
